0 info it worked if it ends with ok
1 verbose cli [ '/usr/bin/nodejs', '/usr/bin/npm' ]
2 info using npm@3.5.2
3 info using node@v4.2.6
4 verbose stack Error: EACCES: permission denied, mkdir '/projects/thewebhostingdirv2.local'
4 verbose stack     at Error (native)
5 verbose cwd /home/projects/thewebhostingdirv2.local/userapp
6 error Linux 4.4.0-92-generic
7 error argv "/usr/bin/nodejs" "/usr/bin/npm"
8 error node v4.2.6
9 error npm  v3.5.2
10 error path /projects/thewebhostingdirv2.local
11 error code EACCES
12 error errno -13
13 error syscall mkdir
14 error Error: EACCES: permission denied, mkdir '/projects/thewebhostingdirv2.local'
14 error     at Error (native)
14 error  { [Error: EACCES: permission denied, mkdir '/projects/thewebhostingdirv2.local']
14 error   errno: -13,
14 error   code: 'EACCES',
14 error   syscall: 'mkdir',
14 error   path: '/projects/thewebhostingdirv2.local' }
15 error Please try running this command again as root/Administrator.
16 verbose exit [ -13, true ]
